<?xml version="1.0" encoding="UTF-8"?>
<testng-results ignored="0" total="2" passed="2" failed="0" skipped="0">
  <reporter-output>
  </reporter-output>
  <suite started-at="2022-10-03T23:27:41 EET" name="Default suite" finished-at="2022-10-03T23:27:42 EET" duration-ms="1385">
    <groups>
    </groups>
    <test started-at="2022-10-03T23:27:41 EET" name="Default test" finished-at="2022-10-03T23:27:42 EET" duration-ms="1385">
      <class name="Software_Testing_Bootcamp.API_Test">
        <test-method signature="createRegisterTest()[pri:0, instance:Software_Testing_Bootcamp.API_Test@55b53d44]" started-at="2022-10-03T23:27:41 EET" name="createRegisterTest" finished-at="2022-10-03T23:27:42 EET" duration-ms="1090" status="PASS">
          <reporter-output>
          </reporter-output>
        </test-method> <!-- createRegisterTest -->
        <test-method signature="singleUserTest()[pri:0, instance:Software_Testing_Bootcamp.API_Test@55b53d44]" started-at="2022-10-03T23:27:42 EET" name="singleUserTest" finished-at="2022-10-03T23:27:42 EET" duration-ms="282" status="PASS">
          <reporter-output>
          </reporter-output>
        </test-method> <!-- singleUserTest -->
      </class> <!-- Software_Testing_Bootcamp.API_Test -->
    </test> <!-- Default test -->
  </suite> <!-- Default suite -->
</testng-results>
